<?xml version="1.0" encoding="UTF-8"?>
<!-- Generated by org.testng.reporters.JUnitReportReporter -->
<testsuite skipped="0" hostname="amitha-PC" name="testcases.TestFindingElements" tests="1" failures="0" timestamp="26 Oct 2018 20:14:09 GMT" time="11.862" errors="0">
  <testcase name="Sample" time="11.862" classname="testcases.TestFindingElements"/>
</testsuite> <!-- testcases.TestFindingElements -->
