<?xml version="1.0" encoding="UTF-8"?>
<!-- Generated by org.testng.reporters.JUnitReportReporter -->
<testsuite skipped="0" hostname="amitha-PC" name="sample.Switch" tests="1" failures="0" timestamp="26 Oct 2018 20:32:26 GMT" time="0.575" errors="0">
  <testcase name="switchingTabs" time="0.575" classname="sample.Switch"/>
</testsuite> <!-- sample.Switch -->
